[debug] [2021-11-13T16:28:29.711Z] ----------------------------------------------------------------------
[debug] [2021-11-13T16:28:29.714Z] Command:       C:\Program Files\nodejs\node.exe C:\Users\icg\AppData\Roaming\npm\node_modules\firebase-tools\lib\bin\firebase.js init
[debug] [2021-11-13T16:28:29.715Z] CLI Version:   9.22.0
[debug] [2021-11-13T16:28:29.715Z] Platform:      win32
[debug] [2021-11-13T16:28:29.715Z] Node Version:  v14.17.1
[debug] [2021-11-13T16:28:29.716Z] Time:          Sat Nov 13 2021 22:28:29 GMT+0600 (Bangladesh Standard Time)
[debug] [2021-11-13T16:28:29.716Z] ----------------------------------------------------------------------
[debug] 
[debug] [2021-11-13T16:28:29.719Z] >>> [apiv2][query] GET https://firebase-public.firebaseio.com/cli.json [none]
[debug] [2021-11-13T16:28:29.747Z] > command requires scopes: ["email","openid","https://www.googleapis.com/auth/cloudplatformprojects.readonly","https://www.googleapis.com/auth/firebase","https://www.googleapis.com/auth/cloud-platform"]
[debug] [2021-11-13T16:28:29.748Z] > authorizing via signed-in user (tareqimtiaz.ravien@gmail.com)
[info] 
     ######## #### ########  ######## ########     ###     ######  ########
     ##        ##  ##     ## ##       ##     ##  ##   ##  ##       ##
     ######    ##  ########  ######   ########  #########  ######  ######
     ##        ##  ##    ##  ##       ##     ## ##     ##       ## ##
     ##       #### ##     ## ######## ########  ##     ##  ######  ########

You're about to initialize a Firebase project in this directory:

  C:\Projects\assignment-12

Before we get started, keep in mind:

  * You are currently outside your home directory

[debug] [2021-11-13T16:28:30.789Z] <<< [apiv2][status] GET https://firebase-public.firebaseio.com/cli.json 200
[debug] [2021-11-13T16:28:30.790Z] <<< [apiv2][body] GET https://firebase-public.firebaseio.com/cli.json {"cloudBuildErrorAfter":1594252800000,"cloudBuildWarnAfter":1590019200000,"defaultNode10After":1594252800000,"minVersion":"3.0.5","node8DeploysDisabledAfter":1613390400000,"node8RuntimeDisabledAfter":1615809600000,"node8WarnAfter":1600128000000}
